<?xml version="1.0" encoding="UTF-8"?>
<testsuite xmlns:xsi="http://www.w3.org/2001/XMLSchema-instance" xsi:noNamespaceSchemaLocation="https://maven.apache.org/surefire/maven-surefire-plugin/xsd/surefire-test-report-3.0.xsd" version="3.0" name="awesomecucumber.runners.MyTestNGRunnerTest" time="15.35" tests="3" errors="0" skipped="0" failures="0">
  <properties>
[...]
</properties>
  <testcase name="runScenario[&quot;Add one quantity from Store&quot;, &quot;Add to cart&quot;](1)" classname="awesomecucumber.runners.MyTestNGRunnerTest" time="7.595">
    <system-out><![CDATA[BEFORE: THREAD ID : 22,SCENARIO NAME: using default payment option
BEFORE: THREAD ID : 21,SCENARIO NAME: Add one quantity from Store
BEFORE: THREAD ID : 20,SCENARIO NAME: Add one quantity from Store
Request method:	POST
Request URI:	https://askomdch.com/?wc-ajax=add_to_cart
Proxy:			<none>
Request params:	<none>
Query params:	<none>
Form params:	product_sku=
				quantity=1
				product_id=1215
Path params:	<none>
Headers:		Accept=*/*
				Content-Type=application/x-www-form-urlencoded; charset=ISO-8859-1
Cookies:		<none>
Multiparts:		<none>
Body:			<none>
HTTP/1.1 200 OK
Date: Tue, 16 Apr 2024 10:06:58 GMT
Content-Type: application/json; charset=UTF-8
Transfer-Encoding: chunked
Connection: keep-alive
vary: Accept-Encoding
x-content-type-options: nosniff
x-content-type-options: nosniff
x-robots-tag: noindex
set-cookie: woocommerce_items_in_cart=1; path=/
set-cookie: woocommerce_cart_hash=42e65b245308ba4f486b61612707a993; path=/
set-cookie: wp_woocommerce_session_e39c30ea93030240fdcfed1ddf385ba1=t_194bafa22936167badeff76172a93a%7C%7C1713434817%7C%7C1713431217%7C%7C9e202b621e402d30db5df5a1a601d616; expires=Thu, 18-Apr-2024 10:06:57 GMT; Max-Age=172800; path=/; secure; HttpOnly
set-cookie: woocommerce_items_in_cart=1; path=/
set-cookie: woocommerce_cart_hash=077edd270071e91cf806e27ea69d99f4; path=/
set-cookie: wp_woocommerce_session_e39c30ea93030240fdcfed1ddf385ba1=t_194bafa22936167badeff76172a93a%7C%7C1713434817%7C%7C1713431217%7C%7C9e202b621e402d30db5df5a1a601d616; expires=Thu, 18-Apr-2024 10:06:57 GMT; Max-Age=172800; path=/; secure; HttpOnly
expires: Wed, 11 Jan 1984 05:00:00 GMT
Cache-Control: no-cache, must-revalidate, max-age=0
strict-transport-security: max-age=63072000
x-frame-options: SAMEORIGIN
x-xss-protection: 1; mode=block
Content-Encoding: gzip
CF-Cache-Status: DYNAMIC
Report-To: {"endpoints":[{"url":"https:\/\/a.nel.cloudflare.com\/report\/v4?s=PZ548hlaU8sus1gjfdYPVzSuK7nxZWOXm1c7ODZsEGWLSgX5teIpP77Cg1Mmt6fZDeVJj901fWRG2izuOwn8zq0qZw0vk%2Fu7%2B%2F1OVrrADeAp2XIy1w%2Bp7rBJfUUE4h8%3D"}],"group":"cf-nel","max_age":604800}
NEL: {"success_fraction":0,"report_to":"cf-nel","max_age":604800}
Server: cloudflare
CF-RAY: 87535d9a9fab6b5f-DFW
alt-svc: h3=":443"; ma=86400

{
    "fragments": {
        "div.widget_shopping_cart_content": "<div class=\"widget_shopping_cart_content\">\n\n\t<ul class=\"woocommerce-mini-cart cart_list product_list_widget \">\n\t\t\t\t\t\t<li class=\"woocommerce-mini-cart-item mini_cart_item\">\n\t\t\t\t\t<a href=\"https://askomdch.com/cart/?remove_item=a4d2f0d23dcc84ce983ff9157f8b7f88&#038;_wpnonce=0fc36e35ac\" class=\"remove remove_from_cart_button\" aria-label=\"Remove this item\" data-product_id=\"1215\" data-cart_item_key=\"a4d2f0d23dcc84ce983ff9157f8b7f88\" data-product_sku=\"\">&times;</a>\t\t\t\t\t\t\t\t\t\t\t<a href=\"https://askomdch.com/product/blue-shoes/\">\n\t\t\t\t\t\t\t<img width=\"300\" height=\"300\" src=\"https://askomdch.com/wp-content/uploads/2021/06/pro-14-300x300.jpg\" class=\"attachment-woocommerce_thumbnail size-woocommerce_thumbnail\" alt=\"\" srcset=\"https://askomdch.com/wp-content/uploads/2021/06/pro-14-300x300.jpg 300w, https://askomdch.com/wp-content/uploads/2021/06/pro-14-150x150.jpg 150w, https://askomdch.com/wp-content/uploads/2021/06/pro-14-100x100.jpg 100w, https://askomdch.com/wp-content/uploads/2021/06/pro-14.jpg 600w\" sizes=\"(max-width: 300px) 100vw, 300px\" />Blue Shoes\t\t\t\t\t\t</a>\n\t\t\t\t\t\t\t\t\t\t\t\t\t\t\t<span class=\"quantity\">1 &times; <span class=\"woocommerce-Price-amount amount\"><bdi><span class=\"woocommerce-Price-currencySymbol\">&#36;</span>45.00</bdi></span></span>\t\t\t\t</li>\n\t\t\t\t\t</ul>\n\n\t<p class=\"woocommerce-mini-cart__total total\">\n\t\t<strong>Subtotal:</strong> <span class=\"woocommerce-Price-amount amount\"><bdi><span class=\"woocommerce-Price-currencySymbol\">&#36;</span>45.00</bdi></span>\t</p>\n\n\t\n\t<p class=\"woocommerce-mini-cart__buttons buttons\"><a href=\"https://askomdch.com/cart/\" class=\"button wc-forward\">View cart</a><a href=\"https://askomdch.com/checkout/\" class=\"button checkout wc-forward\">Checkout</a></p>\n\n\t\n\n</div>",
        "a.cart-container": "\t\t\t<a class=\"cart-container\" href=\"https://askomdch.com/cart/\" title=\"View your shopping cart\">\r\n\r\n\t\t\t\t\t\t\t\t\t\t\t\t\t<div class=\"ast-cart-menu-wrap\">\r\n\t\t\t\t\t\t\t\t<span class=\"count\">\r\n\t\t\t\t\t\t\t\t\t1\t\t\t\t\t\t\t\t</span>\r\n\t\t\t\t\t\t\t</div>\r\n\t\t\t\t\t\t\t\t\t\t</a>\r\n\t\t\t"
    },
    "cart_hash": "077edd270071e91cf806e27ea69d99f4"
}
COUNTER 0: woocommerce_items_in_cart=1; path=/
COUNTER 1: woocommerce_cart_hash=42e65b245308ba4f486b61612707a993; path=/
COUNTER 2: wp_woocommerce_session_e39c30ea93030240fdcfed1ddf385ba1=t_194bafa22936167badeff76172a93a%7C%7C1713434817%7C%7C1713431217%7C%7C9e202b621e402d30db5df5a1a601d616; expires=Thu, 18 Apr 2024 03:36:57 IST; path=/;secure;
COUNTER 3: woocommerce_items_in_cart=1; path=/
COUNTER 4: woocommerce_cart_hash=077edd270071e91cf806e27ea69d99f4; path=/
COUNTER 5: wp_woocommerce_session_e39c30ea93030240fdcfed1ddf385ba1=t_194bafa22936167badeff76172a93a%7C%7C1713434817%7C%7C1713431217%7C%7C9e202b621e402d30db5df5a1a601d616; expires=Thu, 18 Apr 2024 03:36:57 IST; path=/;secure;
AFTER: THREAD ID : 20,SCENARIO NAME: Add one quantity from Store
]]></system-out>
    <system-err><![CDATA[SLF4J: No SLF4J providers were found.
SLF4J: Defaulting to no-operation (NOP) logger implementation
SLF4J: See https://www.slf4j.org/codes.html#noProviders for further details.
Apr 16, 2024 3:36:54 PM org.openqa.selenium.devtools.CdpVersionFinder findNearestMatch
WARNING: Unable to find an exact match for CDP version 123, returning the closest version; found: 119; Please update to a Selenium version that supports CDP version 123
Apr 16, 2024 3:36:54 PM org.openqa.selenium.devtools.CdpVersionFinder findNearestMatch
WARNING: Unable to find an exact match for CDP version 123, returning the closest version; found: 119; Please update to a Selenium version that supports CDP version 123
Apr 16, 2024 3:36:54 PM org.openqa.selenium.devtools.CdpVersionFinder findNearestMatch
WARNING: Unable to find an exact match for CDP version 123, returning the closest version; found: 119; Please update to a Selenium version that supports CDP version 123
]]></system-err>
  </testcase>
  <testcase name="runScenario[&quot;Add one quantity from Store&quot;, &quot;Add to cart&quot;](2)" classname="awesomecucumber.runners.MyTestNGRunnerTest" time="8.451">
    <system-out><![CDATA[AFTER: THREAD ID : 21,SCENARIO NAME: Add one quantity from Store
]]></system-out>
  </testcase>
  <testcase name="runScenario[&quot;using default payment option&quot;, &quot;Place an order&quot;](3)" classname="awesomecucumber.runners.MyTestNGRunnerTest" time="13.216">
    <system-out><![CDATA[OVERLAY SIZE0
OVERLAY NOT FOUND
AFTER: THREAD ID : 22,SCENARIO NAME: using default payment option
]]></system-out>
  </testcase>
</testsuite>